[Sat Oct 25 21:29:30 2025] running mktexlsr
[Sat Oct 25 21:29:30 2025] success, output:
mktexlsr: Updating C:/Users/IMPERIUM OF MAN/Desktop/resumax/TinyTeX/texmf-local/ls-R...
mktexlsr: Updated C:/Users/IMPERIUM OF MAN/Desktop/resumax/TinyTeX/texmf-local/ls-R.
mktexlsr: Updating C:/Users/IMPERIUM OF MAN/Desktop/resumax/TinyTeX/texmf-config/ls-R...
mktexlsr: Updated C:/Users/IMPERIUM OF MAN/Desktop/resumax/TinyTeX/texmf-config/ls-R.
mktexlsr: Updating C:/Users/IMPERIUM OF MAN/Desktop/resumax/TinyTeX/texmf-var/ls-R...
mktexlsr: Updated C:/Users/IMPERIUM OF MAN/Desktop/resumax/TinyTeX/texmf-var/ls-R.
mktexlsr: Updating C:/Users/IMPERIUM OF MAN/Desktop/resumax/TinyTeX/texmf-dist/ls-R...
mktexlsr: Updated C:/Users/IMPERIUM OF MAN/Desktop/resumax/TinyTeX/texmf-dist/ls-R.
mktexlsr: Done.
--end of output of mktexlsr.

[Sat Oct 25 23:02:18 2025] running mktexlsr
[Sat Oct 25 23:02:18 2025] success, output:
mktexlsr: Updating C:/Users/IMPERIUM OF MAN/Desktop/resumax/TinyTeX/texmf-local/ls-R...
mktexlsr: Updated C:/Users/IMPERIUM OF MAN/Desktop/resumax/TinyTeX/texmf-local/ls-R.
mktexlsr: Updating C:/Users/IMPERIUM OF MAN/Desktop/resumax/TinyTeX/texmf-config/ls-R...
mktexlsr: Updated C:/Users/IMPERIUM OF MAN/Desktop/resumax/TinyTeX/texmf-config/ls-R.
mktexlsr: Updating C:/Users/IMPERIUM OF MAN/Desktop/resumax/TinyTeX/texmf-var/ls-R...
mktexlsr: Updated C:/Users/IMPERIUM OF MAN/Desktop/resumax/TinyTeX/texmf-var/ls-R.
mktexlsr: Updating C:/Users/IMPERIUM OF MAN/Desktop/resumax/TinyTeX/texmf-dist/ls-R...
mktexlsr: Updated C:/Users/IMPERIUM OF MAN/Desktop/resumax/TinyTeX/texmf-dist/ls-R.
mktexlsr: Done.
--end of output of mktexlsr.

